Build started 6/7/2016 5:07:05 AM.
     1>Project "C:\Users\Matt\Desktop\SDL\MyProjects\GameEngine-MegaMan\Pong\Pong.vcxproj" on node 2 (Build target(s)).
     1>C:\Program Files (x86)\MSBuild\Microsoft.Cpp\v4.0\V120\Microsoft.CppBuild.targets(388,5): warning MSB8028: The intermediate directory (Debug\) contains files shared from another project (Pong.vcxproj).  This can lead to incorrect clean and rebuild behavior.
     1>ClCompile:
         C:\Program Files (x86)\Microsoft Visual Studio 12.0\VC\bin\CL.exe /c /I"C:\Users\Matt\Desktop\SDL2-2.0.4\SDL2-2.0.4\include" /ZI /nologo /W3 /WX- /sdl /Od /Oy- /D _MBCS /Gm /EHsc /RTC1 /MDd /GS /fp:precise /Zc:wchar_t /Zc:forScope /Fo"Debug\\" /Fd"Debug\vc120.pdb" /Gd /TP /analyze- /errorReport:prompt MegaManGamePlayScene.cpp
         MegaManGamePlayScene.cpp
     1>c:\users\matt\desktop\sdl\myprojects\gameengine-megaman\pong\megamangameplayscene.cpp(100): warning C4244: '=' : conversion from 'int' to 'float', possible loss of data
     1>c:\users\matt\desktop\sdl\myprojects\gameengine-megaman\pong\megamangameplayscene.cpp(103): warning C4244: '=' : conversion from 'int' to 'float', possible loss of data
     1>c:\users\matt\desktop\sdl\myprojects\gameengine-megaman\pong\megamangameplayscene.cpp(105): warning C4244: '=' : conversion from 'int' to 'float', possible loss of data
     1>c:\users\matt\desktop\sdl\myprojects\gameengine-megaman\pong\megamangameplayscene.cpp(110): warning C4244: '=' : conversion from 'int' to 'float', possible loss of data
     1>c:\users\matt\desktop\sdl\myprojects\gameengine-megaman\pong\megamangameplayscene.cpp(113): warning C4244: '=' : conversion from 'int' to 'float', possible loss of data
     1>c:\users\matt\desktop\sdl\myprojects\gameengine-megaman\pong\megamangameplayscene.cpp(118): warning C4244: 'argument' : conversion from 'float' to 'int', possible loss of data
       Link:
         C:\Program Files (x86)\Microsoft Visual Studio 12.0\VC\bin\link.exe /ERRORREPORT:PROMPT /OUT:"C:\Users\Matt\Desktop\SDL\MyProjects\GameEngine-MegaMan\Debug\Megaman.exe" /INCREMENTAL /NOLOGO /LIBPATH:"C:\Users\Matt\Desktop\SDL2-2.0.4\SDL2-2.0.4\VisualC\Win32\Debug" SDL2.lib SDL2main.lib SDL2_image.lib SDL2_ttf.lib SDL2_mixer.lib kernel32.lib user32.lib gdi32.lib winspool.lib comdlg32.lib advapi32.lib shell32.lib ole32.lib oleaut32.lib uuid.lib odbc32.lib odbccp32.lib /MANIFEST /MANIFESTUAC:"level='asInvoker' uiAccess='false'" /manifest:embed /DEBUG /PDB:"C:\Users\Matt\Desktop\SDL\MyProjects\GameEngine-MegaMan\Debug\Megaman.pdb" /SUBSYSTEM:CONSOLE /TLBID:1 /DYNAMICBASE /NXCOMPAT /IMPLIB:"C:\Users\Matt\Desktop\SDL\MyProjects\GameEngine-MegaMan\Debug\Megaman.lib" /MACHINE:X86 Debug\Audio.obj
         Debug\BGMusic.obj
         Debug\BoxCollider.obj
         Debug\BusterShot.obj
         Debug\Camera.obj
         Debug\Component.obj
         Debug\DrillShot.obj
         Debug\Enemy.obj
         Debug\Event.obj
         Debug\EventListener.obj
         Debug\EventQueue.obj
         "Debug\Game-main.obj"
         Debug\Game.obj
         Debug\GameObject.obj
         Debug\GE161helpers.obj
         Debug\Main.obj
         Debug\MegaMan.obj
         Debug\MegaManGame.obj
         Debug\MegaManGamePlayScene.obj
         Debug\Scene.obj
         Debug\Sprite.obj
         Debug\Texty.obj
         Debug\Tile.obj
         Debug\TileMap.obj
         Debug\Window.obj
         Pong.vcxproj -> C:\Users\Matt\Desktop\SDL\MyProjects\GameEngine-MegaMan\Debug\Megaman.exe
     1>Done Building Project "C:\Users\Matt\Desktop\SDL\MyProjects\GameEngine-MegaMan\Pong\Pong.vcxproj" (Build target(s)).

Build succeeded.

Time Elapsed 00:00:01.58
